#
# There is insufficient memory for the Java Runtime Environment to continue.
# Cannot create GC thread. Out of system resources.
# Possible reasons:
#   The system is out of physical RAM or swap space
#   In 32 bit mode, the process size limit was hit
# Possible solutions:
#   Reduce memory load on the system
#   Increase physical memory or swap space
#   Check if swap backing store is full
#   Use 64 bit Java on a 64 bit OS
#   Decrease Java heap size (-Xmx/-Xms)
#   Decrease number of Java threads
#   Decrease Java thread stack sizes (-Xss)
#   Set larger code cache with -XX:ReservedCodeCacheSize=
# This output file may be truncated or incomplete.
#
#  Out of Memory Error (gcTaskThread.cpp:48), pid=226, tid=0x00007f512380b700
#
# JRE version:  (8.0_171-b11) (build )
# Java VM: OpenJDK 64-Bit Server VM (25.171-b11 mixed mode linux-amd64 compressed oops)
# Core dump written. Default location: /home/runner/core or core.226
#

---------------  T H R E A D  ---------------

Current thread (0x00007f511c00a800):  JavaThread "Unknown thread" [_thread_in_vm, id=227, stack(0x00007f512370b000,0x00007f512380c000)]

Stack: [0x00007f512370b000,0x00007f512380c000],  sp=0x00007f512380a7e0,  free space=1021k
Native frames: (J=compiled Java code, j=interpreted, Vv=VM code, C=native code)
V  [libjvm.so+0xa70c90]
V  [libjvm.so+0x4c7acc]
V  [libjvm.so+0x5a6f1f]
V  [libjvm.so+0x5a60b7]
V  [libjvm.so+0x8e4112]
V  [libjvm.so+0xa34f21]
V  [libjvm.so+0xa35182]
V  [libjvm.so+0x610d0f]
V  [libjvm.so+0xa19a3a]
V  [libjvm.so+0x68b351]  JNI_CreateJavaVM+0x61
C  [libjli.so+0x2f06]
C  [libjli.so+0x74fd]
C  [libpthread.so.0+0x7494]  start_thread+0xc4


---------------  P R O C E S S  ---------------

Java Threads: ( => current thread )

Other Threads:

=>0x00007f511c00a800 (exited) JavaThread "Unknown thread" [_thread_in_vm, id=227, stack(0x00007f512370b000,0x00007f512380c000)]

VM state:not at safepoint (not fully initialized)

VM Mutex/Monitor currently owned by a thread: None

GC Heap History (0 events):
No events

Deoptimization events (0 events):
No events

Classes redefined (0 events):
No events

Internal exceptions (0 events):
No events

Events (0 events):
No events


Dynamic libraries:
627c00000-628180000 rw-p 00000000 00:00 0 
628180000-737f00000 ---p 00000000 00:00 0 
737f00000-738180000 rw-p 00000000 00:00 0 
738180000-7c0000000 ---p 00000000 00:00 0 
5622ec2ba000-5622ec2bb000 r-xp 00000000 08:01 9474541                    /usr/lib/jvm/java-8-openjdk-amd64/bin/javac
5622ec4ba000-5622ec4bb000 r--p 00000000 08:01 9474541                    /usr/lib/jvm/java-8-openjdk-amd64/bin/javac
5622ec4bb000-5622ec4bc000 rw-p 00001000 08:01 9474541                    /usr/lib/jvm/java-8-openjdk-amd64/bin/javac
5622ecd58000-5622ecd79000 rw-p 00000000 00:00 0                          [heap]
7f510b4f9000-7f510b4fa000 ---p 00000000 00:00 0 
7f510b4fa000-7f510b5fa000 rw-p 00000000 00:00 0 
7f510b5fa000-7f510b5fb000 ---p 00000000 00:00 0 
7f510b5fb000-7f510b6fe000 rw-p 00000000 00:00 0 
7f510b6fe000-7f510bf7d000 ---p 00000000 00:00 0 
7f510bf7d000-7f510bf80000 rw-p 00000000 00:00 0 
7f510bf80000-7f510c7fe000 ---p 00000000 00:00 0 
7f510c7fe000-7f510c800000 rw-p 00000000 00:00 0 
7f510c800000-7f510cc3f000 ---p 00000000 00:00 0 
7f510cc3f000-7f510cc4a000 rw-p 00000000 00:00 0 
7f510cc4a000-7f510d000000 ---p 00000000 00:00 0 
7f510d000000-7f510d270000 rwxp 00000000 00:00 0 
7f510d270000-7f511c000000 ---p 00000000 00:00 0 
7f511c000000-7f511c03a000 rw-p 00000000 00:00 0 
7f511c03a000-7f5120000000 ---p 00000000 00:00 0 
7f5120096000-7f5120097000 ---p 00000000 00:00 0 
7f5120097000-7f5120197000 rw-p 00000000 00:00 0 
7f5120197000-7f512019f000 r-xp 00000000 08:01 9474642                    /usr/lib/jvm/java-8-openjdk-amd64/jre/lib/amd64/libzip.so
7f512019f000-7f512039e000 ---p 00008000 08:01 9474642                    /usr/lib/jvm/java-8-openjdk-amd64/jre/lib/amd64/libzip.so
7f512039e000-7f512039f000 r--p 00007000 08:01 9474642                    /usr/lib/jvm/java-8-openjdk-amd64/jre/lib/amd64/libzip.so
7f512039f000-7f51203a0000 rw-p 00008000 08:01 9474642                    /usr/lib/jvm/java-8-openjdk-amd64/jre/lib/amd64/libzip.so
7f51203a0000-7f51203aa000 r-xp 00000000 08:01 2562871                    /lib/x86_64-linux-gnu/libnss_files-2.24.so
7f51203aa000-7f51205aa000 ---p 0000a000 08:01 2562871                    /lib/x86_64-linux-gnu/libnss_files-2.24.so
7f51205aa000-7f51205ab000 r--p 0000a000 08:01 2562871                    /lib/x86_64-linux-gnu/libnss_files-2.24.so
7f51205ab000-7f51205ac000 rw-p 0000b000 08:01 2562871                    /lib/x86_64-linux-gnu/libnss_files-2.24.so
7f51205ac000-7f51205b2000 rw-p 00000000 00:00 0 
7f51205b2000-7f51205bd000 r-xp 00000000 08:01 2562875                    /lib/x86_64-linux-gnu/libnss_nis-2.24.so
7f51205bd000-7f51207bc000 ---p 0000b000 08:01 2562875                    /lib/x86_64-linux-gnu/libnss_nis-2.24.so
7f51207bc000-7f51207bd000 r--p 0000a000 08:01 2562875                    /lib/x86_64-linux-gnu/libnss_nis-2.24.so
7f51207bd000-7f51207be000 rw-p 0000b000 08:01 2562875                    /lib/x86_64-linux-gnu/libnss_nis-2.24.so
7f51207be000-7f51207d2000 r-xp 00000000 08:01 2562865                    /lib/x86_64-linux-gnu/libnsl-2.24.so
7f51207d2000-7f51209d2000 ---p 00014000 08:01 2562865                    /lib/x86_64-linux-gnu/libnsl-2.24.so
7f51209d2000-7f51209d3000 r--p 00014000 08:01 2562865                    /lib/x86_64-linux-gnu/libnsl-2.24.so
7f51209d3000-7f51209d4000 rw-p 00015000 08:01 2562865                    /lib/x86_64-linux-gnu/libnsl-2.24.so
7f51209d4000-7f51209d6000 rw-p 00000000 00:00 0 
7f51209d6000-7f51209dd000 r-xp 00000000 08:01 2562867                    /lib/x86_64-linux-gnu/libnss_compat-2.24.so
7f51209dd000-7f5120bdc000 ---p 00007000 08:01 2562867                    /lib/x86_64-linux-gnu/libnss_compat-2.24.so
7f5120bdc000-7f5120bdd000 r--p 00006000 08:01 2562867                    /lib/x86_64-linux-gnu/libnss_compat-2.24.so
7f5120bdd000-7f5120bde000 rw-p 00007000 08:01 2562867                    /lib/x86_64-linux-gnu/libnss_compat-2.24.so
7f5120bde000-7f5120c0b000 r-xp 00000000 08:01 9474621                    /usr/lib/jvm/java-8-openjdk-amd64/jre/lib/amd64/libjava.so
7f5120c0b000-7f5120e0b000 ---p 0002d000 08:01 9474621                    /usr/lib/jvm/java-8-openjdk-amd64/jre/lib/amd64/libjava.so
7f5120e0b000-7f5120e0c000 r--p 0002d000 08:01 9474621                    /usr/lib/jvm/java-8-openjdk-amd64/jre/lib/amd64/libjava.so
7f5120e0c000-7f5120e0e000 rw-p 0002e000 08:01 9474621                    /usr/lib/jvm/java-8-openjdk-amd64/jre/lib/amd64/libjava.so
7f5120e0e000-7f5120e1d000 r-xp 00000000 08:01 9474641                    /usr/lib/jvm/java-8-openjdk-amd64/jre/lib/amd64/libverify.so
7f5120e1d000-7f512101d000 ---p 0000f000 08:01 9474641                    /usr/lib/jvm/java-8-openjdk-amd64/jre/lib/amd64/libverify.so
7f512101d000-7f512101f000 r--p 0000f000 08:01 9474641                    /usr/lib/jvm/java-8-openjdk-amd64/jre/lib/amd64/libverify.so
7f512101f000-7f5121020000 rw-p 00011000 08:01 9474641                    /usr/lib/jvm/java-8-openjdk-amd64/jre/lib/amd64/libverify.so
7f5121020000-7f5121027000 r-xp 00000000 08:01 2562892                    /lib/x86_64-linux-gnu/librt-2.24.so
7f5121027000-7f5121226000 ---p 00007000 08:01 2562892                    /lib/x86_64-linux-gnu/librt-2.24.so
7f5121226000-7f5121227000 r--p 00006000 08:01 2562892                    /lib/x86_64-linux-gnu/librt-2.24.so
7f5121227000-7f5121228000 rw-p 00007000 08:01 2562892                    /lib/x86_64-linux-gnu/librt-2.24.so
7f5121228000-7f512123e000 r-xp 00000000 08:01 2562845                    /lib/x86_64-linux-gnu/libgcc_s.so.1
7f512123e000-7f512143d000 ---p 00016000 08:01 2562845                    /lib/x86_64-linux-gnu/libgcc_s.so.1
7f512143d000-7f512143e000 r--p 00015000 08:01 2562845                    /lib/x86_64-linux-gnu/libgcc_s.so.1
7f512143e000-7f512143f000 rw-p 00016000 08:01 2562845                    /lib/x86_64-linux-gnu/libgcc_s.so.1
7f512143f000-7f5121542000 r-xp 00000000 08:01 2562854                    /lib/x86_64-linux-gnu/libm-2.24.so
7f5121542000-7f5121741000 ---p 00103000 08:01 2562854                    /lib/x86_64-linux-gnu/libm-2.24.so
7f5121741000-7f5121742000 r--p 00102000 08:01 2562854                    /lib/x86_64-linux-gnu/libm-2.24.so
7f5121742000-7f5121743000 rw-p 00103000 08:01 2562854                    /lib/x86_64-linux-gnu/libm-2.24.so
7f5121743000-7f51218b5000 r-xp 00000000 08:01 2563611                    /usr/lib/x86_64-linux-gnu/libstdc++.so.6.0.22
7f51218b5000-7f5121ab5000 ---p 00172000 08:01 2563611                    /usr/lib/x86_64-linux-gnu/libstdc++.so.6.0.22
7f5121ab5000-7f5121abf000 r--p 00172000 08:01 2563611                    /usr/lib/x86_64-linux-gnu/libstdc++.so.6.0.22
7f5121abf000-7f5121ac1000 rw-p 0017c000 08:01 2563611                    /usr/lib/x86_64-linux-gnu/libstdc++.so.6.0.22
7f5121ac1000-7f5121ac5000 rw-p 00000000 00:00 0 
7f5121ac5000-7f512271f000 r-xp 00000000 08:01 9474647                    /usr/lib/jvm/java-8-openjdk-amd64/jre/lib/amd64/server/libjvm.so
7f512271f000-7f512291e000 ---p 00c5a000 08:01 9474647                    /usr/lib/jvm/java-8-openjdk-amd64/jre/lib/amd64/server/libjvm.so
7f512291e000-7f51229b2000 r--p 00c59000 08:01 9474647                    /usr/lib/jvm/java-8-openjdk-amd64/jre/lib/amd64/server/libjvm.so
7f51229b2000-7f51229db000 rw-p 00ced000 08:01 9474647                    /usr/lib/jvm/java-8-openjdk-amd64/jre/lib/amd64/server/libjvm.so
7f51229db000-7f5122a0b000 rw-p 00000000 00:00 0 
7f5122a0b000-7f5122ba0000 r-xp 00000000 08:01 2562825                    /lib/x86_64-linux-gnu/libc-2.24.so
7f5122ba0000-7f5122da0000 ---p 00195000 08:01 2562825                    /lib/x86_64-linux-gnu/libc-2.24.so
7f5122da0000-7f5122da4000 r--p 00195000 08:01 2562825                    /lib/x86_64-linux-gnu/libc-2.24.so
7f5122da4000-7f5122da6000 rw-p 00199000 08:01 2562825                    /lib/x86_64-linux-gnu/libc-2.24.so
7f5122da6000-7f5122daa000 rw-p 00000000 00:00 0 
7f5122daa000-7f5122dad000 r-xp 00000000 08:01 2562837                    /lib/x86_64-linux-gnu/libdl-2.24.so
7f5122dad000-7f5122fac000 ---p 00003000 08:01 2562837                    /lib/x86_64-linux-gnu/libdl-2.24.so
7f5122fac000-7f5122fad000 r--p 00002000 08:01 2562837                    /lib/x86_64-linux-gnu/libdl-2.24.so
7f5122fad000-7f5122fae000 rw-p 00003000 08:01 2562837                    /lib/x86_64-linux-gnu/libdl-2.24.so
7f5122fae000-7f5122fbb000 r-xp 00000000 08:01 9474605                    /usr/lib/jvm/java-8-openjdk-amd64/jre/lib/amd64/jli/libjli.so
7f5122fbb000-7f51231bb000 ---p 0000d000 08:01 9474605                    /usr/lib/jvm/java-8-openjdk-amd64/jre/lib/amd64/jli/libjli.so
7f51231bb000-7f51231bc000 r--p 0000d000 08:01 9474605                    /usr/lib/jvm/java-8-openjdk-amd64/jre/lib/amd64/jli/libjli.so
7f51231bc000-7f51231bd000 rw-p 0000e000 08:01 9474605                    /usr/lib/jvm/java-8-openjdk-amd64/jre/lib/amd64/jli/libjli.so
7f51231bd000-7f51231d6000 r-xp 00000000 08:01 2562913                    /lib/x86_64-linux-gnu/libz.so.1.2.8
7f51231d6000-7f51233d5000 ---p 00019000 08:01 2562913                    /lib/x86_64-linux-gnu/libz.so.1.2.8
7f51233d5000-7f51233d6000 r--p 00018000 08:01 2562913                    /lib/x86_64-linux-gnu/libz.so.1.2.8
7f51233d6000-7f51233d7000 rw-p 00019000 08:01 2562913                    /lib/x86_64-linux-gnu/libz.so.1.2.8
7f51233d7000-7f51233ef000 r-xp 00000000 08:01 2562888                    /lib/x86_64-linux-gnu/libpthread-2.24.so
7f51233ef000-7f51235ee000 ---p 00018000 08:01 2562888                    /lib/x86_64-linux-gnu/libpthread-2.24.so
7f51235ee000-7f51235ef000 r--p 00017000 08:01 2562888                    /lib/x86_64-linux-gnu/libpthread-2.24.so
7f51235ef000-7f51235f0000 rw-p 00018000 08:01 2562888                    /lib/x86_64-linux-gnu/libpthread-2.24.so
7f51235f0000-7f51235f4000 rw-p 00000000 00:00 0 
7f51235f4000-7f5123617000 r-xp 00000000 08:01 2562807                    /lib/x86_64-linux-gnu/ld-2.24.so
7f5123703000-7f512370b000 rw-s 00000000 08:01 9747865                    /tmp/hsperfdata_runner/226
7f512370b000-7f512370e000 ---p 00000000 00:00 0 
7f512370e000-7f512380e000 rw-p 00000000 00:00 0 
7f5123812000-7f5123813000 rw-p 00000000 00:00 0 
7f5123813000-7f5123814000 r--p 00000000 00:00 0 
7f5123814000-7f5123817000 rw-p 00000000 00:00 0 
7f5123817000-7f5123818000 r--p 00023000 08:01 2562807                    /lib/x86_64-linux-gnu/ld-2.24.so
7f5123818000-7f5123819000 rw-p 00024000 08:01 2562807                    /lib/x86_64-linux-gnu/ld-2.24.so
7f5123819000-7f512381a000 rw-p 00000000 00:00 0 
7ffe0509b000-7ffe050bc000 rw-p 00000000 00:00 0                          [stack]
7ffe05122000-7ffe05125000 r--p 00000000 00:00 0                          [vvar]
7ffe05125000-7ffe05127000 r-xp 00000000 00:00 0                          [vdso]
ffffffffff600000-ffffffffff601000 r-xp 00000000 00:00 0                  [vsyscall]

VM Arguments:
jvm_args: -Dapplication.home=/usr/lib/jvm/java-8-openjdk-amd64 -Xms8m 
java_command: com.sun.tools.javac.Main -classpath .:/run_dir/junit-4.12.jar:/run_dir/hamcrest-core-1.3.jar:/run_dir/json-simple-1.1.1.jar -d . Dice.java Main.java
java_class_path (initial): /usr/lib/jvm/java-8-openjdk-amd64/lib/tools.jar:/usr/lib/jvm/java-8-openjdk-amd64/classes
Launcher Type: SUN_STANDARD

Environment Variables:
JAVA_HOME=/docker-java-home
PATH=/usr/local/sbin:/usr/local/bin:/usr/sbin:/usr/bin:/sbin:/bin

Signal Handlers:
SIGSEGV: [libjvm.so+0xa71730], sa_mask[0]=11111111011111111101111111111110, sa_flags=SA_RESTART|SA_SIGINFO
SIGBUS: [libjvm.so+0xa71730], sa_mask[0]=11111111011111111101111111111110, sa_flags=SA_RESTART|SA_SIGINFO
SIGFPE: [libjvm.so+0x8ba250], sa_mask[0]=11111111011111111101111111111110, sa_flags=SA_RESTART|SA_SIGINFO
SIGPIPE: [libjvm.so+0x8ba250], sa_mask[0]=11111111011111111101111111111110, sa_flags=SA_RESTART|SA_SIGINFO
SIGXFSZ: [libjvm.so+0x8ba250], sa_mask[0]=11111111011111111101111111111110, sa_flags=SA_RESTART|SA_SIGINFO
SIGILL: [libjvm.so+0x8ba250], sa_mask[0]=11111111011111111101111111111110, sa_flags=SA_RESTART|SA_SIGINFO
SIGUSR1: SIG_DFL, sa_mask[0]=00000000000000000000000000000000, sa_flags=none
SIGUSR2: [libjvm.so+0x8ba100], sa_mask[0]=00000000000000000000000000000000, sa_flags=SA_RESTART|SA_SIGINFO
SIGHUP: SIG_DFL, sa_mask[0]=00000000000000000000000000000000, sa_flags=none
SIGINT: SIG_DFL, sa_mask[0]=00000000000000000000000000000000, sa_flags=none
SIGTERM: SIG_DFL, sa_mask[0]=00000000000000000000000000000000, sa_flags=none
SIGQUIT: SIG_DFL, sa_mask[0]=00000000000000000000000000000000, sa_flags=none


---------------  S Y S T E M  ---------------

OS:PRETTY_NAME="Debian GNU/Linux 9 (stretch)"
NAME="Debian GNU/Linux"
VERSION_ID="9"
VERSION="9 (stretch)"
ID=debian
HOME_URL="https://www.debian.org/"
SUPPORT_URL="https://www.debian.org/support"
BUG_REPORT_URL="https://bugs.debian.org/"

uname:Linux 4.13.0-1011-gcp #15-Ubuntu SMP Mon Feb 12 16:29:04 UTC 2018 x86_64
libc:glibc 2.24 NPTL 2.24 
rlimit: STACK 8192k, CORE infinity, NPROC infinity, NOFILE 512, AS infinity
load average:8.99 5.95 5.50

/proc/meminfo:
MemTotal:       26747680 kB
MemFree:         5998092 kB
MemAvailable:   14821184 kB
Buffers:         1178360 kB
Cached:          5448392 kB
SwapCached:            0 kB
Active:         12156060 kB
Inactive:        3510380 kB
Active(anon):    9224708 kB
Inactive(anon):    87772 kB
Active(file):    2931352 kB
Inactive(file):  3422608 kB
Unevictable:        3652 kB
Mlocked:            3652 kB
SwapTotal:             0 kB
SwapFree:              0 kB
Dirty:             10604 kB
Writeback:            24 kB
AnonPages:       8918252 kB
Mapped:           879164 kB
Shmem:            270372 kB
Slab:            4669196 kB
SReclaimable:    2887012 kB
SUnreclaim:      1782184 kB
KernelStack:       57984 kB
PageTables:        61276 kB
NFS_Unstable:          0 kB
Bounce:                0 kB
WritebackTmp:          0 kB
CommitLimit:    13373840 kB
Committed_AS:   25957620 kB
VmallocTotal:   34359738367 kB
VmallocUsed:           0 kB
VmallocChunk:          0 kB
HardwareCorrupted:     0 kB
AnonHugePages:     65536 kB
ShmemHugePages:        0 kB
ShmemPmdMapped:        0 kB
CmaTotal:              0 kB
CmaFree:               0 kB
HugePages_Total:       0
HugePages_Free:        0
HugePages_Rsvd:        0
HugePages_Surp:        0
Hugepagesize:       2048 kB
DirectMap4k:     3317748 kB
DirectMap2M:    23945216 kB
DirectMap1G:     2097152 kB


CPU:total 4 (initial active 4) (2 cores per cpu, 2 threads per core) family 6 model 45 stepping 7, cmov, cx8, fxsr, mmx, sse, sse2, sse3, ssse3, sse4.1, sse4.2, popcnt, avx, aes, clmul, ht, tsc, tscinvbit, tscinv

/proc/cpuinfo:
processor	: 0
vendor_id	: GenuineIntel
cpu family	: 6
model		: 45
model name	: Intel(R) Xeon(R) CPU @ 2.60GHz
stepping	: 7
microcode	: 0x1
cpu MHz		: 2600.000
cache size	: 20480 KB
physical id	: 0
siblings	: 4
core id		: 0
cpu cores	: 2
apicid		: 0
initial apicid	: 0
fpu		: yes
fpu_exception	: yes
cpuid level	: 13
wp		: yes
flags		: fpu vme de pse tsc msr pae mce cx8 apic sep mtrr pge mca cmov pat pse36 clflush mmx fxsr sse sse2 ss ht syscall nx pdpe1gb rdtscp lm constant_tsc rep_good nopl xtopology nonstop_tsc cpuid pni pclmulqdq ssse3 cx16 sse4_1 sse4_2 x2apic popcnt aes xsave avx hypervisor lahf_lm pti retpoline tsc_adjust xsaveopt
bugs		: cpu_meltdown spectre_v1 spectre_v2
bogomips	: 5200.00
clflush size	: 64
cache_alignment	: 64
address sizes	: 46 bits physical, 48 bits virtual
power management:

processor	: 1
vendor_id	: GenuineIntel
cpu family	: 6
model		: 45
model name	: Intel(R) Xeon(R) CPU @ 2.60GHz
stepping	: 7
microcode	: 0x1
cpu MHz		: 2600.000
cache size	: 20480 KB
physical id	: 0
siblings	: 4
core id		: 1
cpu cores	: 2
apicid		: 2
initial apicid	: 2
fpu		: yes
fpu_exception	: yes
cpuid level	: 13
wp		: yes
flags		: fpu vme de pse tsc msr pae mce cx8 apic sep mtrr pge mca cmov pat pse36 clflush mmx fxsr sse sse2 ss ht syscall nx pdpe1gb rdtscp lm constant_tsc rep_good nopl xtopology nonstop_tsc cpuid pni pclmulqdq ssse3 cx16 sse4_1 sse4_2 x2apic popcnt aes xsave avx hypervisor lahf_lm pti retpoline tsc_adjust xsaveopt
bugs		: cpu_meltdown spectre_v1 spectre_v2
bogomips	: 5200.00
clflush size	: 64
cache_alignment	: 64
address sizes	: 46 bits physical, 48 bits virtual
power management:

processor	: 2
vendor_id	: GenuineIntel
cpu family	: 6
model		: 45
model name	: Intel(R) Xeon(R) CPU @ 2.60GHz
stepping	: 7
microcode	: 0x1
cpu MHz		: 2600.000
cache size	: 20480 KB
physical id	: 0
siblings	: 4
core id		: 0
cpu cores	: 2
apicid		: 1
initial apicid	: 1
fpu		: yes
fpu_exception	: yes
cpuid level	: 13
wp		: yes
flags		: fpu vme de pse tsc msr pae mce cx8 apic sep mtrr pge mca cmov pat pse36 clflush mmx fxsr sse sse2 ss ht syscall nx pdpe1gb rdtscp lm constant_tsc rep_good nopl xtopology nonstop_tsc cpuid pni pclmulqdq ssse3 cx16 sse4_1 sse4_2 x2apic popcnt aes xsave avx hypervisor lahf_lm pti retpoline tsc_adjust xsaveopt
bugs		: cpu_meltdown spectre_v1 spectre_v2
bogomips	: 5200.00
clflush size	: 64
cache_alignment	: 64
address sizes	: 46 bits physical, 48 bits virtual
power management:

processor	: 3
vendor_id	: GenuineIntel
cpu family	: 6
model		: 45
model name	: Intel(R) Xeon(R) CPU @ 2.60GHz
stepping	: 7
microcode	: 0x1
cpu MHz		: 2600.000
cache size	: 20480 KB
physical id	: 0
siblings	: 4
core id		: 1
cpu cores	: 2
apicid		: 3
initial apicid	: 3
fpu		: yes
fpu_exception	: yes
cpuid level	: 13
wp		: yes
flags		: fpu vme de pse tsc msr pae mce cx8 apic sep mtrr pge mca cmov pat pse36 clflush mmx fxsr sse sse2 ss ht syscall nx pdpe1gb rdtscp lm constant_tsc rep_good nopl xtopology nonstop_tsc cpuid pni pclmulqdq ssse3 cx16 sse4_1 sse4_2 x2apic popcnt aes xsave avx hypervisor lahf_lm pti retpoline tsc_adjust xsaveopt
bugs		: cpu_meltdown spectre_v1 spectre_v2
bogomips	: 5200.00
clflush size	: 64
cache_alignment	: 64
address sizes	: 46 bits physical, 48 bits virtual
power management:



Memory: 4k page, physical 26747680k(5997780k free), swap 0k(0k free)

vm_info: OpenJDK 64-Bit Server VM (25.171-b11) for linux-amd64 JRE (1.8.0_171-8u171-b11-1~deb9u1-b11), built on Apr 27 2018 14:37:13 by "pbuilder" with gcc 6.3.0 20170516

time: Thu Oct 18 14:42:45 2018
elapsed time: 0 seconds (0d 0h 0m 0s)

